<?xml version="1.0" encoding="UTF-8"?>
<!-- Generated by org.testng.reporters.JUnitXMLReporter -->
<testsuite ignored="0" hostname="DESKTOP-73GTT7A" failures="0" tests="3" name="Default test" time="19.397" errors="0" timestamp="2023-10-24T12:41:32 EET">
  <testcase classname="swaglab.LoginTest" name="LoginWithPerformanceUser" time="9.689"/>
  <testcase classname="swaglab.LoginTest" name="LoginWithProblemUser" time="3.229"/>
  <testcase classname="swaglab.LoginTest" name="LoginWithStandardUSer" time="3.219"/>
</testsuite> <!-- Default test -->
