<?xml version="1.0" encoding="UTF-8"?>
<testng-results ignored="0" total="3" passed="3" failed="0" skipped="0">
  <reporter-output>
  </reporter-output>
  <suite started-at="2023-10-24T12:41:13 EET" name="Default suite" finished-at="2023-10-24T12:41:32 EET" duration-ms="19397">
    <groups>
    </groups>
    <test started-at="2023-10-24T12:41:13 EET" name="Default test" finished-at="2023-10-24T12:41:32 EET" duration-ms="19397">
      <class name="swaglab.LoginTest">
        <test-method is-config="true" signature="mySetup()[pri:0, instance:swaglab.LoginTest@4baf352a]" started-at="2023-10-24T12:41:13 EET" name="mySetup" finished-at="2023-10-24T12:41:16 EET" duration-ms="3043" status="PASS">
          <reporter-output>
          </reporter-output>
        </test-method> <!-- mySetup -->
        <test-method signature="LoginWithPerformanceUser()[pri:0, instance:swaglab.LoginTest@4baf352a]" started-at="2023-10-24T12:41:16 EET" name="LoginWithPerformanceUser" finished-at="2023-10-24T12:41:25 EET" duration-ms="9689" status="PASS">
          <reporter-output>
          </reporter-output>
        </test-method> <!-- LoginWithPerformanceUser -->
        <test-method is-config="true" signature="mySetup()[pri:0, instance:swaglab.LoginTest@4baf352a]" started-at="2023-10-24T12:41:25 EET" name="mySetup" finished-at="2023-10-24T12:41:25 EET" duration-ms="113" status="PASS">
          <reporter-output>
          </reporter-output>
        </test-method> <!-- mySetup -->
        <test-method signature="LoginWithProblemUser()[pri:0, instance:swaglab.LoginTest@4baf352a]" started-at="2023-10-24T12:41:25 EET" name="LoginWithProblemUser" finished-at="2023-10-24T12:41:29 EET" duration-ms="3229" status="PASS">
          <reporter-output>
          </reporter-output>
        </test-method> <!-- LoginWithProblemUser -->
        <test-method is-config="true" signature="mySetup()[pri:0, instance:swaglab.LoginTest@4baf352a]" started-at="2023-10-24T12:41:29 EET" name="mySetup" finished-at="2023-10-24T12:41:29 EET" duration-ms="51" status="PASS">
          <reporter-output>
          </reporter-output>
        </test-method> <!-- mySetup -->
        <test-method signature="LoginWithStandardUSer()[pri:0, instance:swaglab.LoginTest@4baf352a]" started-at="2023-10-24T12:41:29 EET" name="LoginWithStandardUSer" finished-at="2023-10-24T12:41:32 EET" duration-ms="3219" status="PASS">
          <reporter-output>
          </reporter-output>
        </test-method> <!-- LoginWithStandardUSer -->
        <test-method is-config="true" signature="myPostTesting()[pri:0, instance:swaglab.LoginTest@4baf352a]" started-at="2023-10-24T12:41:32 EET" name="myPostTesting" finished-at="2023-10-24T12:41:32 EET" duration-ms="1" status="PASS">
          <reporter-output>
          </reporter-output>
        </test-method> <!-- myPostTesting -->
      </class> <!-- swaglab.LoginTest -->
    </test> <!-- Default test -->
  </suite> <!-- Default suite -->
</testng-results>
